TN:
SF:src\components\BottomNav.jsx
FN:7,(anonymous_0)
FN:16,(anonymous_1)
FN:25,(anonymous_2)
FN:33,BottomNav
FN:37,(anonymous_4)
FN:41,(anonymous_5)
FN:47,(anonymous_6)
FNF:7
FNH:7
FNDA:9,(anonymous_0)
FNDA:9,(anonymous_1)
FNDA:9,(anonymous_2)
FNDA:9,BottomNav
FNDA:27,(anonymous_4)
FNDA:27,(anonymous_5)
FNDA:27,(anonymous_6)
DA:3,1
DA:8,9
DA:17,9
DA:26,9
DA:34,9
DA:38,27
DA:42,27
DA:48,27
LF:8
LH:8
BRDA:8,0,0,8
BRDA:8,0,1,1
BRDA:17,1,0,1
BRDA:17,1,1,8
BRDA:26,2,0,0
BRDA:26,2,1,9
BRDA:43,3,0,9
BRDA:43,3,1,18
BRF:8
BRH:7
end_of_record
TN:
SF:src\components\BottomSheet.jsx
FN:9,BottomSheet
FN:13,(anonymous_1)
FN:16,(anonymous_2)
FN:16,(anonymous_3)
FN:19,(anonymous_4)
FN:20,(anonymous_5)
FNF:6
FNH:6
FNDA:29,BottomSheet
FNDA:11,(anonymous_1)
FNDA:8,(anonymous_2)
FNDA:8,(anonymous_3)
FNDA:3,(anonymous_4)
FNDA:3,(anonymous_5)
DA:10,29
DA:11,29
DA:13,29
DA:14,11
DA:15,8
DA:16,8
DA:18,3
DA:19,3
DA:20,3
DA:24,29
DA:26,18
LF:11
LH:11
BRDA:14,0,0,8
BRDA:14,0,1,3
BRDA:24,1,0,11
BRDA:24,1,1,18
BRDA:30,2,0,9
BRDA:30,2,1,9
BRDA:38,3,0,9
BRDA:38,3,1,9
BRF:8
BRH:8
end_of_record
TN:
SF:src\components\Skeleton.jsx
FN:2,Skeleton
FN:9,EventCardSkeleton
FN:24,TicketCardSkeleton
FNF:3
FNH:3
FNDA:27,Skeleton
FNDA:3,EventCardSkeleton
FNDA:3,TicketCardSkeleton
DA:3,27
DA:10,3
DA:25,3
LF:3
LH:3
BRDA:2,0,0,27
BRF:1
BRH:1
end_of_record
TN:
SF:src\components\Toast.jsx
FN:7,Toast
FN:10,(anonymous_1)
FN:12,(anonymous_2)
FN:13,(anonymous_3)
FN:17,(anonymous_4)
FNF:5
FNH:5
FNDA:14,Toast
FNDA:11,(anonymous_1)
FNDA:11,(anonymous_2)
FNDA:10,(anonymous_3)
FNDA:11,(anonymous_4)
DA:8,14
DA:10,14
DA:12,11
DA:13,11
DA:14,10
DA:15,10
DA:17,11
DA:20,14
DA:24,14
DA:28,14
LF:10
LH:10
BRDA:7,0,0,14
BRDA:20,1,0,12
BRDA:20,1,1,2
BRDA:24,2,0,12
BRDA:24,2,1,2
BRDA:37,3,0,2
BRDA:37,3,1,12
BRF:7
BRH:7
end_of_record
TN:
SF:src\components\WrongNetworkBanner.jsx
FN:6,WrongNetworkBanner
FN:9,(anonymous_1)
FNF:2
FNH:2
FNDA:19,WrongNetworkBanner
FNDA:6,(anonymous_1)
DA:3,1
DA:4,1
DA:7,19
DA:9,19
DA:10,6
DA:11,4
DA:12,4
DA:14,4
DA:20,2
DA:21,2
DA:22,2
DA:36,4
DA:40,19
LF:13
LH:13
BRDA:3,0,0,1
BRDA:3,0,1,0
BRDA:4,1,0,1
BRDA:4,1,1,0
BRDA:10,2,0,2
BRDA:10,2,1,4
BRDA:20,3,0,2
BRDA:20,3,1,0
BRDA:55,4,0,4
BRDA:55,4,1,15
BRF:10
BRH:7
end_of_record
TN:
SF:src\mock\events.js
FNF:0
FNH:0
DA:1,2
LF:1
LH:1
BRF:0
BRH:0
end_of_record
TN:
SF:src\mock\tickets.js
FNF:0
FNH:0
DA:2,2
DA:27,2
LF:2
LH:2
BRF:0
BRH:0
end_of_record
TN:
SF:src\utils\colors.js
FN:12,stringToGradient
FN:13,(anonymous_1)
FNF:2
FNH:2
FNDA:212,stringToGradient
FNDA:20603,(anonymous_1)
DA:1,1
DA:13,20603
DA:14,212
LF:3
LH:3
BRDA:12,0,0,212
BRF:1
BRH:1
end_of_record
TN:
SF:src\utils\format.js
FN:2,shortAddress
FN:8,formatEventDate
FN:18,formatEth
FNF:3
FNH:3
FNDA:7,shortAddress
FNDA:6,formatEventDate
FNDA:6,formatEth
DA:3,7
DA:4,4
DA:9,6
DA:10,6
DA:19,6
LF:5
LH:5
BRDA:3,0,0,3
BRDA:3,0,1,4
BRF:2
BRH:2
end_of_record
